<?xml version="1.0" encoding="UTF-8"?>
<testsuite xmlns:xsi="http://www.w3.org/2001/XMLSchema-instance" xsi:noNamespaceSchemaLocation="https://maven.apache.org/surefire/maven-surefire-plugin/xsd/surefire-test-report-3.0.xsd" version="3.0" name="com.ice.icemusic.IceMusicApplicationTests" time="2.649" tests="1" errors="0" skipped="0" failures="0">
  <properties>
[...]
</properties>
  <testcase name="contextLoads" classname="com.ice.icemusic.IceMusicApplicationTests" time="0.289">
    <system-out><![CDATA[01:12:26.817 [main] INFO org.springframework.test.context.support.AnnotationConfigContextLoaderUtils -- Could not detect default configuration classes for test class [com.ice.icemusic.IceMusicApplicationTests]: IceMusicApplicationTests does not declare any static, non-private, non-final, nested classes annotated with @Configuration.
01:12:26.862 [main] INFO org.springframework.boot.test.context.SpringBootTestContextBootstrapper -- Found @SpringBootConfiguration com.ice.icemusic.IceMusicApplication for test class com.ice.icemusic.IceMusicApplicationTests

  .   ____          _            __ _ _
 /\\ / ___'_ __ _ _(_)_ __  __ _ \ \ \ \
( ( )\___ | '_ | '_| | '_ \/ _` | \ \ \ \
 \\/  ___)| |_)| | | | | || (_| |  ) ) ) )
  '  |____| .__|_| |_|_| |_\__, | / / / /
 =========|_|==============|___/=/_/_/_/
 :: Spring Boot ::                (v3.1.3)

2023-09-04T01:12:27.048+01:00  INFO 16682 --- [           main] c.ice.icemusic.IceMusicApplicationTests  : Starting IceMusicApplicationTests using Java 18.0.1 with PID 16682 (started by mac in /Users/mac/Desktop/workspace/payoneer/ICE Music)
2023-09-04T01:12:27.049+01:00  INFO 16682 --- [           main] c.ice.icemusic.IceMusicApplicationTests  : The following 1 profile is active: "default"
2023-09-04T01:12:27.362+01:00  INFO 16682 --- [           main] .s.d.r.c.RepositoryConfigurationDelegate : Bootstrapping Spring Data JPA repositories in DEFAULT mode.
2023-09-04T01:12:27.388+01:00  INFO 16682 --- [           main] .s.d.r.c.RepositoryConfigurationDelegate : Finished Spring Data repository scanning in 23 ms. Found 4 JPA repository interfaces.
2023-09-04T01:12:27.581+01:00  INFO 16682 --- [           main] com.zaxxer.hikari.HikariDataSource       : HikariPool-1 - Starting...
2023-09-04T01:12:27.681+01:00  INFO 16682 --- [           main] com.zaxxer.hikari.pool.HikariPool        : HikariPool-1 - Added connection conn0: url=jdbc:h2:mem:testdb user=TEST
2023-09-04T01:12:27.682+01:00  INFO 16682 --- [           main] com.zaxxer.hikari.HikariDataSource       : HikariPool-1 - Start completed.
2023-09-04T01:12:27.707+01:00  INFO 16682 --- [           main] o.hibernate.jpa.internal.util.LogHelper  : HHH000204: Processing PersistenceUnitInfo [name: default]
2023-09-04T01:12:27.739+01:00  INFO 16682 --- [           main] org.hibernate.Version                    : HHH000412: Hibernate ORM core version 6.2.7.Final
2023-09-04T01:12:27.741+01:00  INFO 16682 --- [           main] org.hibernate.cfg.Environment            : HHH000406: Using bytecode reflection optimizer
2023-09-04T01:12:27.799+01:00  INFO 16682 --- [           main] o.h.b.i.BytecodeProviderInitiator        : HHH000021: Bytecode provider name : bytebuddy
2023-09-04T01:12:27.851+01:00  INFO 16682 --- [           main] o.s.o.j.p.SpringPersistenceUnitInfo      : No LoadTimeWeaver setup: ignoring JPA class transformer
2023-09-04T01:12:27.963+01:00  INFO 16682 --- [           main] o.h.b.i.BytecodeProviderInitiator        : HHH000021: Bytecode provider name : bytebuddy
2023-09-04T01:12:28.248+01:00  INFO 16682 --- [           main] o.h.e.t.j.p.i.JtaPlatformInitiator       : HHH000490: Using JtaPlatform implementation: [org.hibernate.engine.transaction.jta.platform.internal.NoJtaPlatform]
Hibernate: drop table if exists aliases cascade 
Hibernate: drop table if exists artists cascade 
Hibernate: drop table if exists counter cascade 
Hibernate: drop table if exists tracks cascade 
Hibernate: create table aliases (artist_id bigint, id bigint generated by default as identity, alias varchar(255) unique, primary key (id), constraint UK50ghxrilr0vq4hdvt8erpo0x6 unique (alias, artist_id))
Hibernate: create table artists (artist_of_the_day boolean, id bigint generated by default as identity, primary key (id))
Hibernate: create table counter (id integer generated by default as identity, count bigint, previous_artist_id bigint, primary key (id))
Hibernate: create table tracks (length integer, artist_id bigint, id bigint generated by default as identity, genre varchar(255), track_title varchar(255), primary key (id), constraint UK957ql5eo8wgs05h36x19tsl57 unique (artist_id, track_title))
2023-09-04T01:12:28.265+01:00  INFO 16682 --- [           main] j.LocalContainerEntityManagerFactoryBean : Initialized JPA EntityManagerFactory for persistence unit 'default'
2023-09-04T01:12:28.373+01:00  INFO 16682 --- [           main] o.s.d.j.r.query.QueryEnhancerFactory     : Hibernate is in classpath; If applicable, HQL parser will be used.
2023-09-04T01:12:28.546+01:00  WARN 16682 --- [           main] JpaBaseConfiguration$JpaWebConfiguration : spring.jpa.open-in-view is enabled by default. Therefore, database queries may be performed during view rendering. Explicitly configure spring.jpa.open-in-view to disable this warning
2023-09-04T01:12:29.065+01:00  INFO 16682 --- [           main] o.s.b.a.h2.H2ConsoleAutoConfiguration    : H2 console available at '/h2'. Database available at 'jdbc:h2:mem:testdb'
2023-09-04T01:12:29.092+01:00  INFO 16682 --- [           main] c.ice.icemusic.IceMusicApplicationTests  : Started IceMusicApplicationTests in 2.169 seconds (process running for 2.632)
]]></system-out>
  </testcase>
</testsuite>